# JRE version: Java(TM) SE Runtime Environment (26.0.1+8) (build 26.0.1+8-34)
# Java VM: Java HotSpot(TM) 64-Bit Server VM (26.0.1+8-34, mixed mode, sharing, tiered, compressed oops, compressed class ptrs, g1 gc, windows-amd64)
GC Precious Log:
 CardTable entry size: 512
 Card Set container configuration: InlinePtr #cards 4 size 8 Array Of Cards #cards 16 size 48 Howl #buckets 8 coarsen threshold 3686 Howl Bitmap #cards 512 size 80 coarsen threshold 460 Card regions per heap region 1 cards per card region 4096
 CPUs: 8 total, 8 available
 Memory: 16106M
 Large Page Support: Disabled
 NUMA Support: Disabled
 Compressed Oops: Enabled (Zero based)
 Heap Region Size: 2M
 Heap Min Capacity: 8M
 Heap Initial Capacity: 8M
 Heap Max Capacity: 4028M
 Pre-touch: Disabled
 Parallel Workers: 8
 Concurrent Workers: 2
 Concurrent Refinement Workers: 8
 Periodic GC: Disabled
Heap:
 garbage-first heap   total reserved 4124672K, committed 331776K, used 48009K [0x0000000704400000, 0x0000000800000000)
  region size 2M, 8 eden (16M), 3 survivor (6M), 14 old (28M), 0 humongous (0M), 137 free (274M)
GC Heap Usage History (20 events):
Event: 0.932 {heap Before GC invocations=6 (full 0):
 garbage-first heap   total reserved 4124672K, committed 36864K, used 20034K [0x0000000704400000, 0x0000000800000000)
  region size 2M, 5 eden (10M), 1 survivor (2M), 5 old (10M), 0 humongous (0M), 7 free (14M)
}
Event: 0.935 {heap After GC invocations=7 (full 0):
 garbage-first heap   total reserved 4124672K, committed 110592K, used 10480K [0x0000000704400000, 0x0000000800000000)
  region size 2M, 0 eden (0M), 1 survivor (2M), 5 old (10M), 0 humongous (0M), 48 free (96M)
}
Event: 1.860 {heap Before GC invocations=7 (full 0):
 garbage-first heap   total reserved 4124672K, committed 110592K, used 57584K [0x0000000704400000, 0x0000000800000000)
  region size 2M, 23 eden (46M), 1 survivor (2M), 5 old (10M), 0 humongous (0M), 25 free (50M)
}
Event: 1.868 {heap After GC invocations=8 (full 0):
 garbage-first heap   total reserved 4124672K, committed 110592K, used 14304K [0x0000000704400000, 0x0000000800000000)
  region size 2M, 0 eden (0M), 3 survivor (6M), 5 old (10M), 0 humongous (0M), 46 free (92M)
}
Event: 1.932 {heap Before GC invocations=8 (full 0):
 garbage-first heap   total reserved 4124672K, committed 110592K, used 18400K [0x0000000704400000, 0x0000000800000000)
  region size 2M, 3 eden (6M), 3 survivor (6M), 5 old (10M), 0 humongous (0M), 43 free (86M)
}
Event: 1.937 {heap After GC invocations=9 (full 0):
 garbage-first heap   total reserved 4124672K, committed 110592K, used 14784K [0x0000000704400000, 0x0000000800000000)
  region size 2M, 0 eden (0M), 3 survivor (6M), 6 old (12M), 0 humongous (0M), 45 free (90M)
}
Event: 3.215 {heap Before GC invocations=10 (full 0):
 garbage-first heap   total reserved 4124672K, committed 110592K, used 74176K [0x0000000704400000, 0x0000000800000000)
  region size 2M, 29 eden (58M), 3 survivor (6M), 6 old (12M), 0 humongous (0M), 16 free (32M)
}
Event: 3.239 {heap After GC invocations=11 (full 0):
 garbage-first heap   total reserved 4124672K, committed 110592K, used 21279K [0x0000000704400000, 0x0000000800000000)
  region size 2M, 0 eden (0M), 4 survivor (8M), 8 old (16M), 0 humongous (0M), 42 free (84M)
}
Event: 4.521 {heap Before GC invocations=11 (full 0):
 garbage-first heap   total reserved 4124672K, committed 110592K, used 43807K [0x0000000704400000, 0x0000000800000000)
  region size 2M, 12 eden (24M), 4 survivor (8M), 8 old (16M), 0 humongous (0M), 30 free (60M)
}
Event: 4.561 {heap After GC invocations=12 (full 0):
 garbage-first heap   total reserved 4124672K, committed 110592K, used 24363K [0x0000000704400000, 0x0000000800000000)
  region size 2M, 0 eden (0M), 2 survivor (4M), 11 old (22M), 0 humongous (0M), 41 free (82M)
}
Event: 4.630 {heap Before GC invocations=12 (full 0):
 garbage-first heap   total reserved 4124672K, committed 110592K, used 24363K [0x0000000704400000, 0x0000000800000000)
  region size 2M, 1 eden (2M), 2 survivor (4M), 11 old (22M), 0 humongous (0M), 40 free (80M)
}
Event: 4.641 {heap After GC invocations=13 (full 0):
 garbage-first heap   total reserved 4124672K, committed 110592K, used 24081K [0x0000000704400000, 0x0000000800000000)
  region size 2M, 0 eden (0M), 2 survivor (4M), 11 old (22M), 0 humongous (0M), 41 free (82M)
}
Event: 8.621 {heap Before GC invocations=14 (full 0):
 garbage-first heap   total reserved 4124672K, committed 110592K, used 85521K [0x0000000704400000, 0x0000000800000000)
  region size 2M, 30 eden (60M), 2 survivor (4M), 11 old (22M), 0 humongous (0M), 11 free (22M)
}
Event: 8.643 {heap After GC invocations=15 (full 0):
 garbage-first heap   total reserved 4124672K, committed 110592K, used 29258K [0x0000000704400000, 0x0000000800000000)
  region size 2M, 0 eden (0M), 4 survivor (8M), 11 old (22M), 0 humongous (0M), 39 free (78M)
}
Event: 9.514 {heap Before GC invocations=15 (full 0):
 garbage-first heap   total reserved 4124672K, committed 110592K, used 41546K [0x0000000704400000, 0x0000000800000000)
  region size 2M, 8 eden (16M), 4 survivor (8M), 11 old (22M), 0 humongous (0M), 31 free (62M)
}
Event: 9.563 {heap After GC invocations=16 (full 0):
 garbage-first heap   total reserved 4124672K, committed 110592K, used 29689K [0x0000000704400000, 0x0000000800000000)
  region size 2M, 0 eden (0M), 1 survivor (2M), 14 old (28M), 0 humongous (0M), 39 free (78M)
}
Event: 9.620 {heap Before GC invocations=16 (full 0):
 garbage-first heap   total reserved 4124672K, committed 110592K, used 29689K [0x0000000704400000, 0x0000000800000000)
  region size 2M, 1 eden (2M), 1 survivor (2M), 14 old (28M), 0 humongous (0M), 38 free (76M)
}
Event: 9.625 {heap After GC invocations=17 (full 0):
 garbage-first heap   total reserved 4124672K, committed 110592K, used 29327K [0x0000000704400000, 0x0000000800000000)
  region size 2M, 0 eden (0M), 1 survivor (2M), 14 old (28M), 0 humongous (0M), 39 free (78M)
}
Event: 13.098 {heap Before GC invocations=18 (full 0):
 garbage-first heap   total reserved 4124672K, committed 110592K, used 92815K [0x0000000704400000, 0x0000000800000000)
  region size 2M, 31 eden (62M), 1 survivor (2M), 14 old (28M), 0 humongous (0M), 8 free (16M)
}
Event: 13.121 {heap After GC invocations=19 (full 0):
 garbage-first heap   total reserved 4124672K, committed 331776K, used 33673K [0x0000000704400000, 0x0000000800000000)
  region size 2M, 0 eden (0M), 3 survivor (6M), 14 old (28M), 0 humongous (0M), 145 free (290M)
}

